<?xml version="1.0" encoding="UTF-8" ?>
<testsuite tests="5" failures="0" name="asl.jpa.UsuarioTest" time="0.061" errors="0" skipped="0">
  <properties>
[...]
</properties>
  <testcase classname="asl.jpa.UsuarioTest" name="atualizarUsuarioComMerge" time="0.02"/>
  <testcase classname="asl.jpa.UsuarioTest" name="persistirUsuario" time="0.012"/>
  <testcase classname="asl.jpa.UsuarioTest" name="consultarUsuario" time="0.002"/>
  <testcase classname="asl.jpa.UsuarioTest" name="removerUsuario" time="0.019"/>
  <testcase classname="asl.jpa.UsuarioTest" name="atualizarUsuario" time="0.008"/>
</testsuite>